<?xml version="1.0" encoding="UTF-8"?>
<coverage generated="1766082244320" clover="3.2.0">
  <project timestamp="1766082244321" name="All files">
    <metrics statements="8" coveredstatements="8" conditionals="8" coveredconditionals="8" methods="3" coveredmethods="3" elements="19" coveredelements="19" complexity="0" loc="8" ncloc="8" packages="1" files="3" classes="3"/>
    <file name="cartUtils.ts" path="C:\Users\Lenovo\Desktop\4kurs\GameStoreApp\src\utils\cartUtils.ts">
      <metrics statements="3" coveredstatements="3" conditionals="4" coveredconditionals="4" methods="2" coveredmethods="2"/>
      <line num="1" count="1" type="stmt"/>
      <line num="3" count="2" type="cond" truecount="4" falsecount="0"/>
      <line num="4" count="2" type="stmt"/>
    </file>
    <file name="gameUtils.ts" path="C:\Users\Lenovo\Desktop\4kurs\GameStoreApp\src\utils\gameUtils.ts">
      <metrics statements="4" coveredstatements="4" conditionals="4" coveredconditionals="4" methods="1" coveredmethods="1"/>
      <line num="1" count="1" type="stmt"/>
      <line num="3" count="3" type="cond" truecount="4" falsecount="0"/>
      <line num="4" count="2" type="stmt"/>
      <line num="6" count="1" type="stmt"/>
    </file>
    <file name="validationSchemas.ts" path="C:\Users\Lenovo\Desktop\4kurs\GameStoreApp\src\utils\validationSchemas.ts">
      <metrics statements="1" coveredstatements="1" conditionals="0" coveredconditionals="0" methods="0" coveredmethods="0"/>
      <line num="3" count="1" type="stmt"/>
    </file>
  </project>
</coverage>
