{"C:\\Users\\Lenovo\\Desktop\\4kurs\\GameStoreApp\\src\\utils\\cartUtils.ts": {"path":"C:\\Users\\Lenovo\\Desktop\\4kurs\\GameStoreApp\\src\\utils\\cartUtils.ts","statementMap":{"0":{"start":{"line":1,"column":30},"end":{"line":5,"column":null}},"1":{"start":{"line":3,"column":4},"end":{"line":3,"column":null}},"2":{"start":{"line":3,"column":38},"end":{"line":3,"column":null}},"3":{"start":{"line":4,"column":4},"end":{"line":4,"column":null}},"4":{"start":{"line":4,"column":39},"end":{"line":4,"column":73}}},"fnMap":{"0":{"name":"(anonymous_0)","decl":{"start":{"line":1,"column":30},"end":{"line":1,"column":31}},"loc":{"start":{"line":1,"column":80},"end":{"line":5,"column":null}},"line":1},"1":{"name":"(anonymous_1)","decl":{"start":{"line":4,"column":24},"end":{"line":4,"column":25}},"loc":{"start":{"line":4,"column":39},"end":{"line":4,"column":73}},"line":4}},"branchMap":{"0":{"loc":{"start":{"line":3,"column":4},"end":{"line":3,"column":null}},"type":"if","locations":[{"start":{"line":3,"column":4},"end":{"line":3,"column":null}},{"start":{},"end":{}}],"line":3},"1":{"loc":{"start":{"line":3,"column":8},"end":{"line":3,"column":38}},"type":"binary-expr","locations":[{"start":{"line":3,"column":8},"end":{"line":3,"column":18}},{"start":{"line":3,"column":18},"end":{"line":3,"column":38}}],"line":3}},"s":{"0":1,"1":2,"2":1,"3":1,"4":2},"f":{"0":2,"1":2},"b":{"0":[1,1],"1":[2,2]},"meta":{"lastBranch":2,"lastFunction":2,"lastStatement":5,"seen":{"s:1:30:5:Infinity":0,"f:1:30:1:31":0,"b:3:4:3:Infinity:undefined:undefined:undefined:undefined":0,"s:3:4:3:Infinity":1,"b:3:8:3:18:3:18:3:38":1,"s:3:38:3:Infinity":2,"s:4:4:4:Infinity":3,"f:4:24:4:25":1,"s:4:39:4:73":4}}}
,"C:\\Users\\Lenovo\\Desktop\\4kurs\\GameStoreApp\\src\\utils\\gameUtils.ts": {"path":"C:\\Users\\Lenovo\\Desktop\\4kurs\\GameStoreApp\\src\\utils\\gameUtils.ts","statementMap":{"0":{"start":{"line":1,"column":28},"end":{"line":7,"column":null}},"1":{"start":{"line":3,"column":4},"end":{"line":5,"column":null}},"2":{"start":{"line":4,"column":6},"end":{"line":4,"column":null}},"3":{"start":{"line":6,"column":4},"end":{"line":6,"column":null}}},"fnMap":{"0":{"name":"(anonymous_0)","decl":{"start":{"line":1,"column":28},"end":{"line":1,"column":29}},"loc":{"start":{"line":1,"column":74},"end":{"line":7,"column":null}},"line":1}},"branchMap":{"0":{"loc":{"start":{"line":3,"column":4},"end":{"line":5,"column":null}},"type":"if","locations":[{"start":{"line":3,"column":4},"end":{"line":5,"column":null}},{"start":{},"end":{}}],"line":3},"1":{"loc":{"start":{"line":3,"column":8},"end":{"line":3,"column":39}},"type":"binary-expr","locations":[{"start":{"line":3,"column":8},"end":{"line":3,"column":18}},{"start":{"line":3,"column":18},"end":{"line":3,"column":39}}],"line":3}},"s":{"0":1,"1":3,"2":2,"3":1},"f":{"0":3},"b":{"0":[2,1],"1":[3,1]},"meta":{"lastBranch":2,"lastFunction":1,"lastStatement":4,"seen":{"s:1:28:7:Infinity":0,"f:1:28:1:29":0,"b:3:4:5:Infinity:undefined:undefined:undefined:undefined":0,"s:3:4:5:Infinity":1,"b:3:8:3:18:3:18:3:39":1,"s:4:6:4:Infinity":2,"s:6:4:6:Infinity":3}}}
,"C:\\Users\\Lenovo\\Desktop\\4kurs\\GameStoreApp\\src\\utils\\validationSchemas.ts": {"path":"C:\\Users\\Lenovo\\Desktop\\4kurs\\GameStoreApp\\src\\utils\\validationSchemas.ts","statementMap":{"0":{"start":{"line":3,"column":30},"end":{"line":9,"column":null}}},"fnMap":{},"branchMap":{},"s":{"0":1},"f":{},"b":{},"meta":{"lastBranch":0,"lastFunction":0,"lastStatement":1,"seen":{"s:3:30:9:Infinity":0}}}
}
