{"C:\\Users\\Lenovo\\Desktop\\4kurs\\GameStoreApp\\src\\pages\\Register.tsx": {"path":"C:\\Users\\Lenovo\\Desktop\\4kurs\\GameStoreApp\\src\\pages\\Register.tsx","statementMap":{"0":{"start":{"line":8,"column":22},"end":{"line":8,"column":null}},"1":{"start":{"line":9,"column":24},"end":{"line":9,"column":null}},"2":{"start":{"line":10,"column":30},"end":{"line":10,"column":null}},"3":{"start":{"line":11,"column":44},"end":{"line":11,"column":null}},"4":{"start":{"line":12,"column":24},"end":{"line":12,"column":null}},"5":{"start":{"line":13,"column":42},"end":{"line":13,"column":null}},"6":{"start":{"line":14,"column":19},"end":{"line":14,"column":null}},"7":{"start":{"line":15,"column":8},"end":{"line":15,"column":null}},"8":{"start":{"line":17,"column":27},"end":{"line":34,"column":null}},"9":{"start":{"line":36,"column":23},"end":{"line":57,"column":null}},"10":{"start":{"line":37,"column":4},"end":{"line":37,"column":null}},"11":{"start":{"line":38,"column":4},"end":{"line":38,"column":null}},"12":{"start":{"line":40,"column":4},"end":{"line":56,"column":null}},"13":{"start":{"line":41,"column":6},"end":{"line":44,"column":null}},"14":{"start":{"line":46,"column":6},"end":{"line":46,"column":null}},"15":{"start":{"line":47,"column":6},"end":{"line":47,"column":null}},"16":{"start":{"line":49,"column":6},"end":{"line":55,"column":null}},"17":{"start":{"line":50,"column":27},"end":{"line":50,"column":null}},"18":{"start":{"line":51,"column":8},"end":{"line":51,"column":null}},"19":{"start":{"line":53,"column":29},"end":{"line":53,"column":null}},"20":{"start":{"line":54,"column":8},"end":{"line":54,"column":null}},"21":{"start":{"line":59,"column":31},"end":{"line":62,"column":null}},"22":{"start":{"line":60,"column":4},"end":{"line":60,"column":null}},"23":{"start":{"line":61,"column":4},"end":{"line":61,"column":null}},"24":{"start":{"line":64,"column":2},"end":{"line":147,"column":null}},"25":{"start":{"line":79,"column":31},"end":{"line":79,"column":null}},"26":{"start":{"line":92,"column":31},"end":{"line":92,"column":null}},"27":{"start":{"line":105,"column":31},"end":{"line":105,"column":null}},"28":{"start":{"line":118,"column":31},"end":{"line":118,"column":null}},"29":{"start":{"line":127,"column":35},"end":{"line":127,"column":null}}},"fnMap":{"0":{"name":"Register","decl":{"start":{"line":7,"column":9},"end":{"line":7,"column":20}},"loc":{"start":{"line":7,"column":20},"end":{"line":149,"column":null}},"line":7},"1":{"name":"(anonymous_1)","decl":{"start":{"line":36,"column":23},"end":{"line":36,"column":30}},"loc":{"start":{"line":36,"column":53},"end":{"line":57,"column":null}},"line":36},"2":{"name":"(anonymous_2)","decl":{"start":{"line":59,"column":31},"end":{"line":59,"column":37}},"loc":{"start":{"line":59,"column":37},"end":{"line":62,"column":null}},"line":59},"3":{"name":"(anonymous_3)","decl":{"start":{"line":79,"column":24},"end":{"line":79,"column":25}},"loc":{"start":{"line":79,"column":31},"end":{"line":79,"column":null}},"line":79},"4":{"name":"(anonymous_4)","decl":{"start":{"line":92,"column":24},"end":{"line":92,"column":25}},"loc":{"start":{"line":92,"column":31},"end":{"line":92,"column":null}},"line":92},"5":{"name":"(anonymous_5)","decl":{"start":{"line":105,"column":24},"end":{"line":105,"column":25}},"loc":{"start":{"line":105,"column":31},"end":{"line":105,"column":null}},"line":105},"6":{"name":"(anonymous_6)","decl":{"start":{"line":118,"column":24},"end":{"line":118,"column":25}},"loc":{"start":{"line":118,"column":31},"end":{"line":118,"column":null}},"line":118},"7":{"name":"(anonymous_7)","decl":{"start":{"line":127,"column":24},"end":{"line":127,"column":25}},"loc":{"start":{"line":127,"column":35},"end":{"line":127,"column":null}},"line":127}},"branchMap":{"0":{"loc":{"start":{"line":49,"column":6},"end":{"line":55,"column":null}},"type":"if","locations":[{"start":{"line":49,"column":6},"end":{"line":55,"column":null}},{"start":{"line":52,"column":13},"end":{"line":55,"column":null}}],"line":49},"1":{"loc":{"start":{"line":53,"column":29},"end":{"line":53,"column":null}},"type":"cond-expr","locations":[{"start":{"line":53,"column":52},"end":{"line":53,"column":66}},{"start":{"line":53,"column":66},"end":{"line":53,"column":null}}],"line":53},"2":{"loc":{"start":{"line":70,"column":9},"end":{"line":70,"column":null}},"type":"binary-expr","locations":[{"start":{"line":70,"column":9},"end":{"line":70,"column":18}},{"start":{"line":70,"column":18},"end":{"line":70,"column":null}}],"line":70}},"s":{"0":8,"1":8,"2":8,"3":8,"4":8,"5":8,"6":8,"7":8,"8":8,"9":8,"10":2,"11":2,"12":2,"13":2,"14":1,"15":1,"16":1,"17":1,"18":1,"19":0,"20":0,"21":8,"22":0,"23":0,"24":8,"25":1,"26":1,"27":1,"28":1,"29":1},"f":{"0":8,"1":2,"2":0,"3":1,"4":1,"5":1,"6":1,"7":1},"b":{"0":[1,0],"1":[0,0],"2":[8,1]},"meta":{"lastBranch":3,"lastFunction":8,"lastStatement":30,"seen":{"f:7:9:7:20":0,"s:8:22:8:Infinity":0,"s:9:24:9:Infinity":1,"s:10:30:10:Infinity":2,"s:11:44:11:Infinity":3,"s:12:24:12:Infinity":4,"s:13:42:13:Infinity":5,"s:14:19:14:Infinity":6,"s:15:8:15:Infinity":7,"s:17:27:34:Infinity":8,"s:36:23:57:Infinity":9,"f:36:23:36:30":1,"s:37:4:37:Infinity":10,"s:38:4:38:Infinity":11,"s:40:4:56:Infinity":12,"s:41:6:44:Infinity":13,"s:46:6:46:Infinity":14,"s:47:6:47:Infinity":15,"b:49:6:55:Infinity:52:13:55:Infinity":0,"s:49:6:55:Infinity":16,"s:50:27:50:Infinity":17,"s:51:8:51:Infinity":18,"s:53:29:53:Infinity":19,"b:53:52:53:66:53:66:53:Infinity":1,"s:54:8:54:Infinity":20,"s:59:31:62:Infinity":21,"f:59:31:59:37":2,"s:60:4:60:Infinity":22,"s:61:4:61:Infinity":23,"s:64:2:147:Infinity":24,"b:70:9:70:18:70:18:70:Infinity":2,"f:79:24:79:25":3,"s:79:31:79:Infinity":25,"f:92:24:92:25":4,"s:92:31:92:Infinity":26,"f:105:24:105:25":5,"s:105:31:105:Infinity":27,"f:118:24:118:25":6,"s:118:31:118:Infinity":28,"f:127:24:127:25":7,"s:127:35:127:Infinity":29}}}
,"C:\\Users\\Lenovo\\Desktop\\4kurs\\GameStoreApp\\src\\utils\\cartUtils.ts": {"path":"C:\\Users\\Lenovo\\Desktop\\4kurs\\GameStoreApp\\src\\utils\\cartUtils.ts","statementMap":{"0":{"start":{"line":1,"column":30},"end":{"line":5,"column":null}},"1":{"start":{"line":3,"column":4},"end":{"line":3,"column":null}},"2":{"start":{"line":3,"column":38},"end":{"line":3,"column":null}},"3":{"start":{"line":4,"column":4},"end":{"line":4,"column":null}},"4":{"start":{"line":4,"column":39},"end":{"line":4,"column":73}}},"fnMap":{"0":{"name":"(anonymous_0)","decl":{"start":{"line":1,"column":30},"end":{"line":1,"column":31}},"loc":{"start":{"line":1,"column":80},"end":{"line":5,"column":null}},"line":1},"1":{"name":"(anonymous_1)","decl":{"start":{"line":4,"column":24},"end":{"line":4,"column":25}},"loc":{"start":{"line":4,"column":39},"end":{"line":4,"column":73}},"line":4}},"branchMap":{"0":{"loc":{"start":{"line":3,"column":4},"end":{"line":3,"column":null}},"type":"if","locations":[{"start":{"line":3,"column":4},"end":{"line":3,"column":null}},{"start":{},"end":{}}],"line":3},"1":{"loc":{"start":{"line":3,"column":8},"end":{"line":3,"column":38}},"type":"binary-expr","locations":[{"start":{"line":3,"column":8},"end":{"line":3,"column":18}},{"start":{"line":3,"column":18},"end":{"line":3,"column":38}}],"line":3}},"s":{"0":1,"1":2,"2":1,"3":1,"4":2},"f":{"0":2,"1":2},"b":{"0":[1,1],"1":[2,2]},"meta":{"lastBranch":2,"lastFunction":2,"lastStatement":5,"seen":{"s:1:30:5:Infinity":0,"f:1:30:1:31":0,"b:3:4:3:Infinity:undefined:undefined:undefined:undefined":0,"s:3:4:3:Infinity":1,"b:3:8:3:18:3:18:3:38":1,"s:3:38:3:Infinity":2,"s:4:4:4:Infinity":3,"f:4:24:4:25":1,"s:4:39:4:73":4}}}
,"C:\\Users\\Lenovo\\Desktop\\4kurs\\GameStoreApp\\src\\utils\\gameUtils.ts": {"path":"C:\\Users\\Lenovo\\Desktop\\4kurs\\GameStoreApp\\src\\utils\\gameUtils.ts","statementMap":{"0":{"start":{"line":1,"column":28},"end":{"line":7,"column":null}},"1":{"start":{"line":3,"column":4},"end":{"line":5,"column":null}},"2":{"start":{"line":4,"column":6},"end":{"line":4,"column":null}},"3":{"start":{"line":6,"column":4},"end":{"line":6,"column":null}}},"fnMap":{"0":{"name":"(anonymous_0)","decl":{"start":{"line":1,"column":28},"end":{"line":1,"column":29}},"loc":{"start":{"line":1,"column":74},"end":{"line":7,"column":null}},"line":1}},"branchMap":{"0":{"loc":{"start":{"line":3,"column":4},"end":{"line":5,"column":null}},"type":"if","locations":[{"start":{"line":3,"column":4},"end":{"line":5,"column":null}},{"start":{},"end":{}}],"line":3},"1":{"loc":{"start":{"line":3,"column":8},"end":{"line":3,"column":39}},"type":"binary-expr","locations":[{"start":{"line":3,"column":8},"end":{"line":3,"column":18}},{"start":{"line":3,"column":18},"end":{"line":3,"column":39}}],"line":3}},"s":{"0":1,"1":3,"2":2,"3":1},"f":{"0":3},"b":{"0":[2,1],"1":[3,1]},"meta":{"lastBranch":2,"lastFunction":1,"lastStatement":4,"seen":{"s:1:28:7:Infinity":0,"f:1:28:1:29":0,"b:3:4:5:Infinity:undefined:undefined:undefined:undefined":0,"s:3:4:5:Infinity":1,"b:3:8:3:18:3:18:3:39":1,"s:4:6:4:Infinity":2,"s:6:4:6:Infinity":3}}}
,"C:\\Users\\Lenovo\\Desktop\\4kurs\\GameStoreApp\\src\\utils\\validationSchemas.ts": {"path":"C:\\Users\\Lenovo\\Desktop\\4kurs\\GameStoreApp\\src\\utils\\validationSchemas.ts","statementMap":{"0":{"start":{"line":3,"column":30},"end":{"line":9,"column":null}}},"fnMap":{},"branchMap":{},"s":{"0":1},"f":{},"b":{},"meta":{"lastBranch":0,"lastFunction":0,"lastStatement":1,"seen":{"s:3:30:9:Infinity":0}}}
}
